<?xml version="1.0" encoding="UTF-8"?>
<!-- Generated by org.testng.reporters.JUnitReportReporter -->
<testsuite hostname="DESKTOP-CKN1MAC" name="restAutomation.Rest.test.LandLordTest" tests="2" failures="0" timestamp="21 May 2016 19:13:39 GMT" time="5.420" errors="0">
  <testcase name="postLanlord01" time="5.056" classname="restAutomation.Rest.test.LandLordTest"/>
  <testcase name="postLanlord01" time="0.364" classname="restAutomation.Rest.test.LandLordTest"/>
</testsuite> <!-- restAutomation.Rest.test.LandLordTest -->
