<?xml version="1.0" encoding="UTF-8"?>
<!-- Generated by org.testng.reporters.JUnitReportReporter -->
<testsuite hostname="Sonalis-MacBook-Pro.local" name="practice.Wellsfargo" tests="1" failures="0" timestamp="13 Jun 2016 06:22:46 GMT" time="5.445" errors="0">
  <testcase name="demo" time="5.445" classname="practice.Wellsfargo"/>
</testsuite> <!-- practice.Wellsfargo -->
