<?xml version="1.0" encoding="UTF-8"?>
<!-- Generated by org.testng.reporters.JUnitReportReporter -->
<testsuite hostname="Sonalis-MacBook-Pro.local" name="testng.TestngAnnotation" tests="2" failures="0" timestamp="22 Jun 2016 00:35:42 GMT" time="0.012" errors="0">
  <testcase name="testCase2" time="0.005" classname="testng.TestngAnnotation"/>
  <testcase name="testCase1" time="0.007" classname="testng.TestngAnnotation"/>
</testsuite> <!-- testng.TestngAnnotation -->
