<?xml version="1.0" encoding="UTF-8"?>
<!-- Generated by org.testng.reporters.JUnitReportReporter -->
<testsuite hostname="Sonalis-MacBook-Pro.local" name="practice.YoutubeVideo" tests="1" failures="0" timestamp="13 Jun 2016 07:05:06 GMT" time="19.084" errors="0">
  <testcase name="demo" time="19.084" classname="practice.YoutubeVideo"/>
</testsuite> <!-- practice.YoutubeVideo -->
