<?xml version="1.0" encoding="UTF-8"?>
<!-- Generated by org.testng.reporters.JUnitReportReporter -->
<testsuite hostname="Sonalis-MacBook-Pro.local" name="testng.ParameterizedTest1" tests="1" failures="0" timestamp="21 Jun 2016 00:27:15 GMT" time="0.009" errors="0">
  <testcase name="testCaseOne" time="0.009" classname="testng.ParameterizedTest1"/>
</testsuite> <!-- testng.ParameterizedTest1 -->
