<?xml version="1.0" encoding="UTF-8"?>
<!-- Generated by org.testng.reporters.JUnitReportReporter -->
<testsuite hostname="Sonalis-MacBook-Pro.local" name="testng.DataProvider1" tests="3" failures="0" timestamp="21 Jun 2016 00:39:01 GMT" time="0.019" errors="0">
  <testcase name="setData" time="0.003" classname="testng.DataProvider1"/>
  <testcase name="setData" time="0.014" classname="testng.DataProvider1"/>
  <testcase name="setData" time="0.002" classname="testng.DataProvider1"/>
</testsuite> <!-- testng.DataProvider1 -->
