<?xml version="1.0" encoding="UTF-8"?>
<!-- Generated by org.testng.reporters.JUnitReportReporter -->
<testsuite hostname="Sonalis-MacBook-Pro.local" name="practice.WindowsHandling" tests="1" failures="0" timestamp="7 Jun 2016 06:20:54 GMT" time="19.684" errors="0">
  <testcase name="testWindowAlert" time="19.684" classname="practice.WindowsHandling"/>
</testsuite> <!-- practice.WindowsHandling -->
