<?xml version="1.0" encoding="UTF-8"?>
<!-- Generated by org.testng.reporters.JUnitReportReporter -->
<testsuite hostname="Sonalis-MacBook-Pro.local" name="com.maventest.sample.MavenDemo" tests="1" failures="0" timestamp="12 Jun 2016 18:19:07 GMT" time="0.012" errors="0">
  <testcase name="restDemo" time="0.012" classname="com.maventest.sample.MavenDemo"/>
</testsuite> <!-- com.maventest.sample.MavenDemo -->
