<?xml version="1.0" encoding="UTF-8"?>
<!-- Generated by org.testng.reporters.JUnitReportReporter -->
<testsuite hostname="Sonalis-MacBook-Pro.local" name="com.maventest.sample.RestTest" tests="1" failures="0" timestamp="13 Jun 2016 02:00:54 GMT" time="1.501" errors="0">
  <testcase name="getRequestFindCapital" time="1.501" classname="com.maventest.sample.RestTest"/>
</testsuite> <!-- com.maventest.sample.RestTest -->
